[    0.000000] Linux version 4.15.0-108-generic (buildd@lcy01-amd64-013) (gcc version 7.5.0 (Ubuntu 7.5.0-3ubuntu1~18.04)) #109-Ubuntu SMP Fri Jun 19 11:33:10 UTC 2020 (Ubuntu 4.15.0-108.109-generic 4.15.18)
[    0.000000] Command line: BOOT_IMAGE=/boot/vmlinuz-4.15.0-108-generic root=LABEL=cloudimg-rootfs ro console=tty1 console=ttyS0
[    0.000000] KERNEL supported cpus:
[    0.000000]   Intel GenuineIntel
[    0.000000]   AMD AuthenticAMD
[    0.000000]   Centaur CentaurHauls
[    0.000000] x86/fpu: Supporting XSAVE feature 0x001: 'x87 floating point registers'
[    0.000000] x86/fpu: Supporting XSAVE feature 0x002: 'SSE registers'
[    0.000000] x86/fpu: Supporting XSAVE feature 0x004: 'AVX registers'
[    0.000000] x86/fpu: xstate_offset[2]:  576, xstate_sizes[2]:  256
[    0.000000] x86/fpu: Enabled xstate features 0x7, context size is 832 bytes, using 'standard' format.
[    0.000000] e820: BIOS-provided physical RAM map:
[    0.000000] BIOS-e820: [mem 0x0000000000000000-0x000000000009fbff] usable
[    0.000000] BIOS-e820: [mem 0x000000000009fc00-0x000000000009ffff] reserved
[    0.000000] BIOS-e820: [mem 0x00000000000f0000-0x00000000000fffff] reserved
[    0.000000] BIOS-e820: [mem 0x0000000000100000-0x000000003ffeffff] usable
[    0.000000] BIOS-e820: [mem 0x000000003fff0000-0x000000003fffffff] ACPI data
[    0.000000] BIOS-e820: [mem 0x00000000fec00000-0x00000000fec00fff] reserved
[    0.000000] BIOS-e820: [mem 0x00000000fee00000-0x00000000fee00fff] reserved
[    0.000000] BIOS-e820: [mem 0x00000000fffc0000-0x00000000ffffffff] reserved
[    0.000000] NX (Execute Disable) protection: active
[    0.000000] SMBIOS 2.5 present.
[    0.000000] DMI: innotek GmbH VirtualBox/VirtualBox, BIOS VirtualBox 12/01/2006
[    0.000000] Hypervisor detected: KVM
[    0.000000] e820: last_pfn = 0x3fff0 max_arch_pfn = 0x400000000
[    0.000000] MTRR: Disabled
[    0.000000] x86/PAT: MTRRs disabled, skipping PAT initialization too.
[    0.000000] CPU MTRRs all blank - virtualized system.
[    0.000000] x86/PAT: Configuration [0-7]: WB  WT  UC- UC  WB  WT  UC- UC  
[    0.000000] found SMP MP-table at [mem 0x0009fff0-0x0009ffff]
[    0.000000] Scanning 1 areas for low memory corruption
[    0.000000] RAMDISK: [mem 0x35a6b000-0x36d2cfff]
[    0.000000] ACPI: Early table checksum verification disabled
[    0.000000] ACPI: RSDP 0x00000000000E0000 000024 (v02 VBOX  )
[    0.000000] ACPI: XSDT 0x000000003FFF0030 00003C (v01 VBOX   VBOXXSDT 00000001 ASL  00000061)
[    0.000000] ACPI: FACP 0x000000003FFF00F0 0000F4 (v04 VBOX   VBOXFACP 00000001 ASL  00000061)
[    0.000000] ACPI: DSDT 0x000000003FFF0470 002325 (v02 VBOX   VBOXBIOS 00000002 INTL 20100528)
[    0.000000] ACPI: FACS 0x000000003FFF0200 000040
[    0.000000] ACPI: FACS 0x000000003FFF0200 000040
[    0.000000] ACPI: APIC 0x000000003FFF0240 00005C (v02 VBOX   VBOXAPIC 00000001 ASL  00000061)
[    0.000000] ACPI: SSDT 0x000000003FFF02A0 0001CC (v01 VBOX   VBOXCPUT 00000002 INTL 20100528)
[    0.000000] No NUMA configuration found
[    0.000000] Faking a node at [mem 0x0000000000000000-0x000000003ffeffff]
[    0.000000] NODE_DATA(0) allocated [mem 0x3ffc5000-0x3ffeffff]
[    0.000000] kvm-clock: cpu 0, msr 0:3ff44001, primary cpu clock
[    0.000000] kvm-clock: Using msrs 4b564d01 and 4b564d00
[    0.000000] kvm-clock: using sched offset of 3660050391 cycles
[    0.000000] clocksource: kvm-clock: mask: 0xffffffffffffffff max_cycles: 0x1cd42e4dffb, max_idle_ns: 881590591483 ns
[    0.000000] Zone ranges:
[    0.000000]   DMA      [mem 0x0000000000001000-0x0000000000ffffff]
[    0.000000]   DMA32    [mem 0x0000000001000000-0x000000003ffeffff]
[    0.000000]   Normal   empty
[    0.000000]   Device   empty
[    0.000000] Movable zone start for each node
[    0.000000] Early memory node ranges
[    0.000000]   node   0: [mem 0x0000000000001000-0x000000000009efff]
[    0.000000]   node   0: [mem 0x0000000000100000-0x000000003ffeffff]
[    0.000000] Reserved but unavailable: 98 pages
[    0.000000] Initmem setup node 0 [mem 0x0000000000001000-0x000000003ffeffff]
[    0.000000] ACPI: PM-Timer IO Port: 0x4008
[    0.000000] IOAPIC[0]: apic_id 2, version 32, address 0xfec00000, GSI 0-23
[    0.000000] ACPI: INT_SRC_OVR (bus 0 bus_irq 0 global_irq 2 dfl dfl)
[    0.000000] ACPI: INT_SRC_OVR (bus 0 bus_irq 9 global_irq 9 low level)
[    0.000000] Using ACPI (MADT) for SMP configuration information
[    0.000000] smpboot: Allowing 2 CPUs, 0 hotplug CPUs
[    0.000000] PM: Registered nosave memory: [mem 0x00000000-0x00000fff]
[    0.000000] PM: Registered nosave memory: [mem 0x0009f000-0x0009ffff]
[    0.000000] PM: Registered nosave memory: [mem 0x000a0000-0x000effff]
[    0.000000] PM: Registered nosave memory: [mem 0x000f0000-0x000fffff]
[    0.000000] e820: [mem 0x40000000-0xfebfffff] available for PCI devices
[    0.000000] Booting paravirtualized kernel on KVM
[    0.000000] clocksource: refined-jiffies: mask: 0xffffffff max_cycles: 0xffffffff, max_idle_ns: 7645519600211568 ns
[    0.000000] random: get_random_bytes called from start_kernel+0x99/0x4fd with crng_init=0
[    0.000000] setup_percpu: NR_CPUS:8192 nr_cpumask_bits:2 nr_cpu_ids:2 nr_node_ids:1
[    0.000000] percpu: Embedded 45 pages/cpu s147456 r8192 d28672 u1048576
[    0.000000] PV qspinlock hash table entries: 256 (order: 0, 4096 bytes)
[    0.000000] Built 1 zonelists, mobility grouping on.  Total pages: 257913
[    0.000000] Policy zone: DMA32
[    0.000000] Kernel command line: BOOT_IMAGE=/boot/vmlinuz-4.15.0-108-generic root=LABEL=cloudimg-rootfs ro console=tty1 console=ttyS0
[    0.000000] Memory: 983044K/1048120K available (12300K kernel code, 2481K rwdata, 4272K rodata, 2436K init, 2720K bss, 65076K reserved, 0K cma-reserved)
[    0.000000] SLUB: HWalign=64, Order=0-3, MinObjects=0, CPUs=2, Nodes=1
[    0.000000] Kernel/User page tables isolation: enabled
[    0.000000] ftrace: allocating 39378 entries in 154 pages
[    0.004000] Hierarchical RCU implementation.
[    0.004000] 	RCU restricting CPUs from NR_CPUS=8192 to nr_cpu_ids=2.
[    0.004000] 	Tasks RCU enabled.
[    0.004000] RCU: Adjusting geometry for rcu_fanout_leaf=16, nr_cpu_ids=2
[    0.004000] NR_IRQS: 524544, nr_irqs: 440, preallocated irqs: 16
[    0.004000] Console: colour VGA+ 80x25
[    0.004000] console [tty1] enabled
[    0.004000] console [ttyS0] enabled
[    0.004000] ACPI: Core revision 20170831
[    0.004000] ACPI: 2 ACPI AML tables successfully acquired and loaded
[    0.004000] APIC: Switch to symmetric I/O mode setup
[    0.004000] x2apic enabled
[    0.004000] Switched APIC routing to physical x2apic.
[    0.004000] ..TIMER: vector=0x30 apic1=0 pin1=2 apic2=-1 pin2=-1
[    0.004000] tsc: Detected 2712.000 MHz processor
[    0.004008] Calibrating delay loop (skipped) preset value.. 5424.00 BogoMIPS (lpj=10848000)
[    0.005332] pid_max: default: 32768 minimum: 301
[    0.006058] Security Framework initialized
[    0.006694] Yama: becoming mindful.
[    0.007257] AppArmor: AppArmor initialized
[    0.009179] Dentry cache hash table entries: 131072 (order: 8, 1048576 bytes)
[    0.010322] Inode-cache hash table entries: 65536 (order: 7, 524288 bytes)
[    0.011388] Mount-cache hash table entries: 2048 (order: 2, 16384 bytes)
[    0.012004] Mountpoint-cache hash table entries: 2048 (order: 2, 16384 bytes)
[    0.013253] Last level iTLB entries: 4KB 64, 2MB 8, 4MB 8
[    0.014074] Last level dTLB entries: 4KB 64, 2MB 0, 4MB 0, 1GB 4
[    0.015050] Spectre V1 : Mitigation: usercopy/swapgs barriers and __user pointer sanitization
[    0.016001] Spectre V2 : Mitigation: Full generic retpoline
[    0.016840] Spectre V2 : Spectre v2 / SpectreRSB mitigation: Filling RSB on context switch
[    0.018113] Speculative Store Bypass: Vulnerable
[    0.020032] SRBDS: Unknown: Dependent on hypervisor status
[    0.020958] MDS: Mitigation: Clear CPU buffers
[    0.021783] Freeing SMP alternatives memory: 36K
[    0.132000] smpboot: CPU0: Intel(R) Core(TM) i7-8559U CPU @ 2.70GHz (family: 0x6, model: 0x8e, stepping: 0xa)
[    0.132000] Performance Events: unsupported p6 CPU model 142 no PMU driver, software events only.
[    0.132000] Hierarchical SRCU implementation.
[    0.132625] NMI watchdog: Perf event create on CPU 0 failed with -2
[    0.133542] NMI watchdog: Perf NMI watchdog permanently disabled
[    0.134677] smp: Bringing up secondary CPUs ...
[    0.136056] x86: Booting SMP configuration:
[    0.136951] .... node  #0, CPUs:      #1
[    0.004000] kvm-clock: cpu 1, msr 0:3ff44041, secondary cpu clock
[    0.140014] smp: Brought up 1 node, 2 CPUs
[    0.140693] smpboot: Max logical packages: 1
[    0.141354] smpboot: Total of 2 processors activated (10848.00 BogoMIPS)
[    0.142436] devtmpfs: initialized
[    0.144010] x86/mm: Memory block size: 128MB
[    0.144768] evm: security.selinux
[    0.145592] evm: security.SMACK64
[    0.146209] evm: security.SMACK64EXEC
[    0.146816] evm: security.SMACK64TRANSMUTE
[    0.147469] evm: security.SMACK64MMAP
[    0.148000] evm: security.apparmor
[    0.148002] evm: security.ima
[    0.148532] evm: security.capability
[    0.149198] clocksource: jiffies: mask: 0xffffffff max_cycles: 0xffffffff, max_idle_ns: 7645041785100000 ns
[    0.149507] futex hash table entries: 512 (order: 3, 32768 bytes)
[    0.153260] pinctrl core: initialized pinctrl subsystem
[    0.154162] RTC time: 20:59:35, date: 06/30/20
[    0.154970] NET: Registered protocol family 16
[    0.156056] audit: initializing netlink subsys (disabled)
[    0.156931] audit: type=2000 audit(1593550780.607:1): state=initialized audit_enabled=0 res=1
[    0.157330] cpuidle: using governor ladder
[    0.157330] cpuidle: using governor menu
[    0.160025] ACPI: bus type PCI registered
[    0.161036] acpiphp: ACPI Hot Plug PCI Controller Driver version: 0.5
[    0.162141] PCI: Using configuration type 1 for base access
[    0.163024] HugeTLB registered 2.00 MiB page size, pre-allocated 0 pages
[    0.164051] ACPI: Added _OSI(Module Device)
[    0.164724] ACPI: Added _OSI(Processor Device)
[    0.165423] ACPI: Added _OSI(3.0 _SCP Extensions)
[    0.166187] ACPI: Added _OSI(Processor Aggregator Device)
[    0.167021] ACPI: Added _OSI(Linux-Dell-Video)
[    0.168002] ACPI: Added _OSI(Linux-Lenovo-NV-HDMI-Audio)
[    0.168852] ACPI: Added _OSI(Linux-HPI-Hybrid-Graphics)
[    0.169949] ACPI: Executed 1 blocks of module-level executable AML code
[    0.173447] ACPI: Interpreter enabled
[    0.174037] ACPI: (supports S0 S5)
[    0.174590] ACPI: Using IOAPIC for interrupt routing
[    0.176139] PCI: Using host bridge windows from ACPI; if necessary, use "pci=nocrs" and report a bug
[    0.177607] ACPI: Enabled 2 GPEs in block 00 to 07
[    0.183595] ACPI: PCI Root Bridge [PCI0] (domain 0000 [bus 00-ff])
[    0.184005] acpi PNP0A03:00: _OSC: OS supports [ASPM ClockPM Segments MSI]
[    0.185830] acpi PNP0A03:00: _OSC: not requesting OS control; OS requires [ExtendedConfig ASPM ClockPM MSI]
[    0.188028] acpi PNP0A03:00: fail to add MMCONFIG information, can't access extended PCI configuration space under this bridge.
[    0.190110] PCI host bridge to bus 0000:00
[    0.190740] pci_bus 0000:00: root bus resource [io  0x0000-0x0cf7 window]
[    0.191779] pci_bus 0000:00: root bus resource [io  0x0d00-0xffff window]
[    0.192002] pci_bus 0000:00: root bus resource [mem 0x000a0000-0x000bffff window]
[    0.193259] pci_bus 0000:00: root bus resource [mem 0x40000000-0xfdffffff window]
[    0.194353] pci_bus 0000:00: root bus resource [bus 00-ff]
[    0.197991] pci 0000:00:01.1: legacy IDE quirk: reg 0x10: [io  0x01f0-0x01f7]
[    0.199840] pci 0000:00:01.1: legacy IDE quirk: reg 0x14: [io  0x03f6]
[    0.200003] pci 0000:00:01.1: legacy IDE quirk: reg 0x18: [io  0x0170-0x0177]
[    0.201549] pci 0000:00:01.1: legacy IDE quirk: reg 0x1c: [io  0x0376]
[    0.213991] pci 0000:00:07.0: quirk: [io  0x4000-0x403f] claimed by PIIX4 ACPI
[    0.215123] pci 0000:00:07.0: quirk: [io  0x4100-0x410f] claimed by PIIX4 SMB
[    0.222534] ACPI: PCI Interrupt Link [LNKA] (IRQs 5 9 10 *11)
[    0.224232] ACPI: PCI Interrupt Link [LNKB] (IRQs 5 9 *10 11)
[    0.225229] ACPI: PCI Interrupt Link [LNKC] (IRQs 5 *9 10 11)
[    0.226192] ACPI: PCI Interrupt Link [LNKD] (IRQs 5 9 10 *11)
[    0.227386] SCSI subsystem initialized
[    0.228056] pci 0000:00:02.0: vgaarb: setting as boot VGA device
[    0.229828] pci 0000:00:02.0: vgaarb: VGA device added: decodes=io+mem,owns=io+mem,locks=none
[    0.231461] pci 0000:00:02.0: vgaarb: bridge control possible
[    0.232009] vgaarb: loaded
[    0.232498] ACPI: bus type USB registered
[    0.233160] usbcore: registered new interface driver usbfs
[    0.234015] usbcore: registered new interface driver hub
[    0.234845] usbcore: registered new device driver usb
[    0.236035] EDAC MC: Ver: 3.0.0
[    0.236776] PCI: Using ACPI for IRQ routing
[    0.236954] NetLabel: Initializing
[    0.237512] NetLabel:  domain hash size = 128
[    0.238200] NetLabel:  protocols = UNLABELED CIPSOv4 CALIPSO
[    0.240013] NetLabel:  unlabeled traffic allowed by default
[    0.240962] clocksource: Switched to clocksource kvm-clock
[    0.250386] VFS: Disk quotas dquot_6.6.0
[    0.251734] VFS: Dquot-cache hash table entries: 512 (order 0, 4096 bytes)
[    0.253041] AppArmor: AppArmor Filesystem Enabled
[    0.253796] pnp: PnP ACPI init
[    0.255362] pnp: PnP ACPI: found 3 devices
[    0.263689] clocksource: acpi_pm: mask: 0xffffff max_cycles: 0xffffff, max_idle_ns: 2085701024 ns
[    0.265431] NET: Registered protocol family 2
[    0.266240] TCP established hash table entries: 8192 (order: 4, 65536 bytes)
[    0.267619] TCP bind hash table entries: 8192 (order: 5, 131072 bytes)
[    0.269783] TCP: Hash tables configured (established 8192 bind 8192)
[    0.270786] UDP hash table entries: 512 (order: 2, 16384 bytes)
[    0.271700] UDP-Lite hash table entries: 512 (order: 2, 16384 bytes)
[    0.272719] NET: Registered protocol family 1
[    0.273417] pci 0000:00:00.0: Limiting direct PCI/PCI transfers
[    0.274351] pci 0000:00:01.0: Activating ISA DMA hang workarounds
[    0.275334] pci 0000:00:02.0: Video device with shadowed ROM at [mem 0x000c0000-0x000dffff]
[    0.276764] Unpacking initramfs...
[    0.484287] Freeing initrd memory: 19208K
[    0.485509] clocksource: tsc: mask: 0xffffffffffffffff max_cycles: 0x2717868ea45, max_idle_ns: 440795316085 ns
[    0.486946] platform rtc_cmos: registered platform RTC device (no PNP device found)
[    0.488044] Scanning for low memory corruption every 60 seconds
[    0.490034] Initialise system trusted keyrings
[    0.491054] Key type blacklist registered
[    0.491743] workingset: timestamp_bits=36 max_order=18 bucket_order=0
[    0.493828] zbud: loaded
[    0.494625] squashfs: version 4.0 (2009/01/31) Phillip Lougher
[    0.495735] fuse init (API version 7.26)
[    0.498354] Key type asymmetric registered
[    0.499016] Asymmetric key parser 'x509' registered
[    0.499803] Block layer SCSI generic (bsg) driver version 0.4 loaded (major 246)
[    0.501037] io scheduler noop registered
[    0.501669] io scheduler deadline registered
[    0.502365] io scheduler cfq registered (default)
[    0.503552] ACPI: AC Adapter [AC] (on-line)
[    0.504316] input: Power Button as /devices/LNXSYSTM:00/LNXPWRBN:00/input/input0
[    0.505599] ACPI: Power Button [PWRF]
[    0.506258] input: Sleep Button as /devices/LNXSYSTM:00/LNXSLPBN:00/input/input1
[    0.507398] ACPI: Sleep Button [SLPF]
[    0.509213] ACPI: Battery Slot [BAT0] (battery present)
[    0.510174] Serial: 8250/16550 driver, 32 ports, IRQ sharing enabled
[    0.532207] 00:02: ttyS0 at I/O 0x3f8 (irq = 4, base_baud = 115200) is a 16550A
[    0.537043] Linux agpgart interface v0.103
[    0.538881] loop: module loaded
[    0.539957] scsi host0: ata_piix
[    0.540607] scsi host1: ata_piix
[    0.541151] ata1: PATA max UDMA/33 cmd 0x1f0 ctl 0x3f6 bmdma 0xd000 irq 14
[    0.542195] ata2: PATA max UDMA/33 cmd 0x170 ctl 0x376 bmdma 0xd008 irq 15
[    0.543525] libphy: Fixed MDIO Bus: probed
[    0.544227] tun: Universal TUN/TAP device driver, 1.6
[    0.545068] PPP generic driver version 2.4.2
[    0.545793] ehci_hcd: USB 2.0 'Enhanced' Host Controller (EHCI) Driver
[    0.546792] ehci-pci: EHCI PCI platform driver
[    0.547502] ehci-platform: EHCI generic platform driver
[    0.548349] ohci_hcd: USB 1.1 'Open' Host Controller (OHCI) Driver
[    0.549319] ohci-pci: OHCI PCI platform driver
[    0.550046] ohci-platform: OHCI generic platform driver
[    0.550864] uhci_hcd: USB Universal Host Controller Interface driver
[    0.551869] i8042: PNP: PS/2 Controller [PNP0303:PS2K,PNP0f03:PS2M] at 0x60,0x64 irq 1,12
[    0.553518] serio: i8042 KBD port at 0x60,0x64 irq 1
[    0.554320] serio: i8042 AUX port at 0x60,0x64 irq 12
[    0.555327] mousedev: PS/2 mouse device common for all mice
[    0.556809] input: AT Translated Set 2 keyboard as /devices/platform/i8042/serio0/input/input2
[    0.558267] rtc_cmos rtc_cmos: rtc core: registered rtc_cmos as rtc0
[    0.559768] rtc_cmos rtc_cmos: alarms up to one day, 114 bytes nvram
[    0.561009] i2c /dev entries driver
[    0.561636] device-mapper: uevent: version 1.0.3
[    0.562414] device-mapper: ioctl: 4.37.0-ioctl (2017-09-20) initialised: dm-devel@redhat.com
[    0.563735] ledtrig-cpu: registered to indicate activity on CPUs
[    0.565065] NET: Registered protocol family 10
[    0.568772] Segment Routing with IPv6
[    0.569370] NET: Registered protocol family 17
[    0.570293] Key type dns_resolver registered
[    0.571230] mce: Using 0 MCE banks
[    0.572290] RAS: Correctable Errors collector initialized.
[    0.573159] sched_clock: Marking stable (572274681, 0)->(697412747, -125138066)
[    0.574578] registered taskstats version 1
[    0.575244] Loading compiled-in X.509 certificates
[    0.577657] Loaded X.509 cert 'Build time autogenerated kernel key: 8a77f038295f61e2f7a611f87ca2012318dc3558'
[    0.579270] zswap: loaded using pool lzo/zbud
[    0.582521] Key type big_key registered
[    0.583193] Key type trusted registered
[    0.585094] Key type encrypted registered
[    0.586123] AppArmor: AppArmor sha1 policy hashing enabled
[    0.587017] ima: No TPM chip found, activating TPM-bypass! (rc=-19)
[    0.588007] ima: Allocated hash algorithm: sha1
[    0.588786] evm: HMAC attrs: 0x1
[    0.589627]   Magic number: 8:819:1004
[    0.590243] input input1: hash matches
[    0.590929] rtc_cmos rtc_cmos: setting system clock to 2020-06-30 20:59:36 UTC (1593550776)
[    0.592787] BIOS EDD facility v0.16 2004-Jun-25, 0 devices found
[    0.593720] EDD information not available.
[    0.726443] Freeing unused kernel image memory: 2436K
[    1.137014] Write protecting the kernel read-only data: 20480k
[    1.139078] Freeing unused kernel image memory: 2008K
[    1.140500] Freeing unused kernel image memory: 1872K
[    1.146381] x86/mm: Checked W+X mappings: passed, no W+X pages found.
[    1.147994] x86/mm: Checking user space page tables
[    1.153577] x86/mm: Checked W+X mappings: passed, no W+X pages found.
Loading, please wait...
starting version 237
[    1.201365] e1000: Intel(R) PRO/1000 Network Driver - version 7.3.21-k8-NAPI
[    1.202996] e1000: Copyright (c) 1999-2006 Intel Corporation.
[    1.208533] Fusion MPT base driver 3.04.20
[    1.209284] Copyright (c) 1999-2008 LSI Corporation
[    1.215620] Fusion MPT SPI Host driver 3.04.20
[    1.222001] AVX2 version of gcm_enc/dec engaged.
[    1.223064] AES CTR mode by8 optimization enabled
[    1.439234] input: ImExPS/2 Generic Explorer Mouse as /devices/platform/i8042/serio1/input/input4
[    1.580631] e1000 0000:00:03.0 eth0: (PCI:33MHz:32-bit) 02:1f:f5:fa:01:4b
[    1.582300] e1000 0000:00:03.0 eth0: Intel(R) PRO/1000 Network Connection
[    1.584247] mptbase: ioc0: Initiating bringup
[    2.982592] ioc0: LSI53C1030 A0: Capabilities={Initiator}
[    5.934703] scsi host2: ioc0: LSI53C1030 A0, FwRev=00000000h, Ports=1, MaxQ=256, IRQ=20
[    7.205687] scsi 2:0:0:0: Direct-Access     VBOX     HARDDISK         1.0  PQ: 0 ANSI: 5
[    7.244339] scsi target2:0:0: Beginning Domain Validation
[    7.246666] scsi target2:0:0: Domain Validation skipping write tests
[    7.247944] scsi target2:0:0: Ending Domain Validation
[    7.249092] scsi target2:0:0: asynchronous
[    7.250529] scsi 2:0:1:0: Direct-Access     VBOX     HARDDISK         1.0  PQ: 0 ANSI: 5
[    7.528086] scsi target2:0:1: Beginning Domain Validation
[    7.530053] random: fast init done
[    7.530998] scsi target2:0:1: Domain Validation skipping write tests
[    7.532322] scsi target2:0:1: Ending Domain Validation
[    7.533187] scsi target2:0:1: asynchronous
[    7.540101] sd 2:0:0:0: Attached scsi generic sg0 type 0
[    7.540676] random: systemd-udevd: uninitialized urandom read (16 bytes read)
[    7.541123] sd 2:0:0:0: [sda] 20971520 512-byte logical blocks: (10.7 GB/10.0 GiB)
[    7.542102] random: systemd-udevd: uninitialized urandom read (16 bytes read)
[    7.543317] sd 2:0:0:0: [sda] Write Protect is off
[    7.544404] random: systemd-udevd: uninitialized urandom read (16 bytes read)
[    7.546435] sd 2:0:1:0: Attached scsi generic sg1 type 0
[    7.547747] sd 2:0:0:0: [sda] Incomplete mode parameter data
[    7.548684] sd 2:0:0:0: [sda] Assuming drive cache: write through
[    7.550925]  sda: sda1
[    7.551530] sd 2:0:1:0: [sdb] 20480 512-byte logical blocks: (10.5 MB/10.0 MiB)
[    7.551789] sd 2:0:0:0: [sda] Attached SCSI disk
[    7.553791] sd 2:0:1:0: [sdb] Write Protect is off
[    7.555308] sd 2:0:1:0: [sdb] Incomplete mode parameter data
[    7.556358] sd 2:0:1:0: [sdb] Assuming drive cache: write through
[    7.558714] sd 2:0:1:0: [sdb] Attached SCSI disk
[    7.601523] e1000 0000:00:08.0 eth1: (PCI:33MHz:32-bit) 08:00:27:1b:76:57
[    7.603388] e1000 0000:00:08.0 eth1: Intel(R) PRO/1000 Network Connection
[    7.605461] e1000 0000:00:03.0 enp0s3: renamed from eth0
[    7.644669] e1000 0000:00:08.0 enp0s8: renamed from eth1
Begin: Loading essential drivers ... [    8.996214] raid6: sse2x1   gen() 13461 MB/s
[    9.044256] raid6: sse2x1   xor() 10355 MB/s
[    9.092264] raid6: sse2x2   gen() 18200 MB/s
[    9.140240] raid6: sse2x2   xor() 11376 MB/s
[    9.188532] raid6: sse2x4   gen() 19409 MB/s
[    9.236288] raid6: sse2x4   xor() 11972 MB/s
[    9.284064] raid6: avx2x1   gen() 25134 MB/s
[    9.332016] raid6: avx2x1   xor() 18662 MB/s
[    9.380104] raid6: avx2x2   gen() 33381 MB/s
[    9.428157] raid6: avx2x2   xor() 21775 MB/s
[    9.476170] raid6: avx2x4   gen() 41847 MB/s
[    9.524275] raid6: avx2x4   xor() 25242 MB/s
[    9.525694] raid6: using algorithm avx2x4 gen() 41847 MB/s
[    9.526670] raid6: .... xor() 25242 MB/s, rmw enabled
[    9.527741] raid6: using avx2x2 recovery algorithm
[    9.529616] xor: automatically using best checksumming function   avx       
[    9.531804] async_tx: api initialized (async)
done.
Begin: Running /scripts/init-premount ... done.
Begin: Mounting root file system ... Begin: Running /scripts/local-top ... done.
Begin: Running /scripts/local-premount ... [    9.565239] Btrfs loaded, crc32c=crc32c-intel
Scanning for Btrfs filesystems
done.
Warning: fsck not present, so skipping root file system
[    9.586654] EXT4-fs (sda1): mounted filesystem with ordered data mode. Opts: (null)
done.
Begin: Running /scripts/local-bottom ... done.
Begin: Running /scripts/init-bottom ... done.
[    9.723639] ip_tables: (C) 2000-2006 Netfilter Core Team
[    9.731796] systemd[1]: systemd 237 running in system mode. (+PAM +AUDIT +SELINUX +IMA +APPARMOR +SMACK +SYSVINIT +UTMP +LIBCRYPTSETUP +GCRYPT +GNUTLS +ACL +XZ +LZ4 +SECCOMP +BLKID +ELFUTILS +KMOD -IDN2 +IDN -PCRE2 default-hierarchy=hybrid)
[    9.735365] systemd[1]: Detected virtualization oracle.
[    9.736304] systemd[1]: Detected architecture x86-64.

Welcome to [1mUbuntu 18.04.4 LTS[0m!

[    9.743444] systemd[1]: Set hostname to <ubuntu>.
[    9.748599] systemd[1]: Initializing machine ID from random generator.
[    9.749742] systemd[1]: Installed transient /etc/machine-id file.
[    9.977142] systemd[1]: Created slice User and Session Slice.
[[0;32m  OK  [0m] Created slice User and Session Slice.
[    9.978995] systemd[1]: Set up automount Arbitrary Executable File Formats File System Automount Point.
[[0;32m  OK  [0m] Set up automount Arbitrary Executab…rmats File System Automount Point.
[    9.981756] systemd[1]: Created slice System Slice.
[[0;32m  OK  [0m] Created slice System Slice.
[    9.983328] systemd[1]: Listening on Journal Socket.
[[0;32m  OK  [0m] Listening on Journal Socket.
         Starting Uncomplicated firewall...
         Mounting POSIX Message Queue File System...
[[0;32m  OK  [0m] Listening on udev Control Socket.
[[0;32m  OK  [0m] Listening on LVM2 metadata daemon socket.
[[0;32m  OK  [0m] Listening on Device-mapper event daemon FIFOs.
[[0;32m  OK  [0m] Listening on Syslog Socket.
[[0;32m  OK  [0m] Reached target Slices.
         Starting Monitoring of LVM2 mirrors…ng dmeventd or progress polling...
[[0;32m  OK  [0m] Listening on LVM2 poll daemon socket.
         Mounting Huge Pages File System...
         Mounting Kernel Debug File System...
[[0;32m  OK  [0m] Listening on /dev/initctl Compatibility Named Pipe.
[[0;32m  OK  [0m] Listening on Journal Audit Socket.
         Starting Set the console keyboard layout...
[[0;32m  OK  [0m] Created slice system-serial\x2dgetty.slice.
         Starting Create list of required st…ce nodes for the current kernel...
[[0;32m  OK  [0m] Listening on Journal Socket (/dev/log).
         Starting Journal Service...
[[0;32m  OK  [0m] Listening on Network Service Netlink Socket.
         Starting Remount Root and Kernel File Systems...
[[0;32m  OK  [0m] Reached target User and Group Name Lookups.
[[0;32m  OK  [0m] Reached target Swap.
[   10.114771] EXT4-fs (sda1): re-mounted. Opts: (null)
[[0;32m  OK  [0m] Started Forward Password Requests to Wall Directory Watch.
[[0;32m  OK  [0m] Reached target System Time Synchronized.
         Starting Load Kernel Modules...
[[0;32m  OK  [0m] Listening on udev Kernel Socket.
         Starting udev Coldplug all Devices...
[   10.167832] Loading iSCSI transport class v2.0-870.
[   10.173501] iscsi: registered transport (tcp)
[[0;32m  OK  [0m] Started Journal Service.
[[0;32m  OK  [0m] Started Uncomplicated firewall.
[[0;32m  OK  [0m] Mounted POSIX Message Queue File System.
[[0;32m  OK  [0m] Mounted Huge Pages File System.
[[0;32m  OK  [0m] Mounted Kernel Debug File System.
[[0;32m  OK  [0m] Started Set the console keyboard layout.
[[0;32m  OK  [0m] Started Create list of required sta…vice nodes for the current kernel.
[   10.191329] iscsi: registered transport (iser)
[[0;32m  OK  [0m] Started Remount Root and Kernel File Systems.
[[0;32m  OK  [0m] Started Load Kernel Modules.
[[0;32m  OK  [0m] Started LVM2 metadata daemon.
         Starting Apply Kernel Variables...
         Mounting FUSE Control File System...
         Mounting Kernel Configuration File System...
         Starting Load/Save Random Seed...
         Starting Create Static Device Nodes in /dev...
         Starting Flush Journal to Persistent Storage...
[[0;32m  OK  [0m] Started Monitoring of LVM2 mirrors,…sing dmeventd or progress polling.
[[0;32m  OK  [0m] Mounted FUSE Control File System.
[[0;32m  OK  [0m] Mounted Kernel Configuration File System.
[[0;32m  OK  [0m] Started Create Static Device Nodes in /dev.
         Starting udev Kernel Device Manager...
[[0;32m  OK  [0m] Reached target Local File Systems (Pre).
[[0;32m  OK  [0m] Reached target Local File Systems.
         Starting Tell Plymouth To Write Out Runtime Data...
         Starting ebtables ruleset management...
         Starting Commit a transient machine-id on disk...
         Starting AppArmor initialization...
         Starting Set console font and keymap...
[[0;32m  OK  [0m] Started Apply Kernel Variables.
[[0;32m  OK  [0m] Started Load/Save Random Seed.
[[0;32m  OK  [0m] Started udev Coldplug all Devices.
[[0;32m  OK  [0m] Started Tell Plymouth To Write Out Runtime Data.
[[0;32m  OK  [0m] Started udev Kernel Device Manager.
[[0;32m  OK  [0m] Started Dispatch Password Requests to Console Directory Watch.
[[0;32m  OK  [0m] Reached target Local Encrypted Volumes.
[[0;32m  OK  [0m] Started Set console font and keymap.
[[0;32m  OK  [0m] Started Flush Journal to Persistent Storage.
         Starting Create Volatile Files and Directories...
[[0;32m  OK  [0m] Started Commit a transient machine-id on disk.
[[0;32m  OK  [0m] Started Create Volatile Files and Directories.
         Starting Update UTMP about System Boot/Shutdown...
[[0;32m  OK  [0m] Started Update UTMP about System Boot/Shutdown.
[[0;32m  OK  [0m] Started ebtables ruleset management.
[[0;32m  OK  [0m] Found device /dev/ttyS0.
[[0;32m  OK  [0m] Listening on Load/Save RF Kill Switch Status /dev/rfkill Watch.
[[0;32m  OK  [0m] Started AppArmor initialization.
         Starting Initial cloud-init job (pre-networking)...
[   12.220768] cloud-init[552]: Cloud-init v. 19.4-33-gbb4131a2-0ubuntu1~18.04.1 running 'init-local' at Tue, 30 Jun 2020 20:59:47 +0000. Up 11.54 seconds.
[[0;32m  OK  [0m] Started Initial cloud-init job (pre-networking).
[[0;32m  OK  [0m] Reached target Network (Pre).
         Starting Network Service...
[[0;32m  OK  [0m] Started Network Service.
         Starting Wait for Network to be Configured...
         Starting Network Name Resolution...
[[0;32m  OK  [0m] Started Network Name Resolution.
[[0;32m  OK  [0m] Reached target Network.
[[0;32m  OK  [0m] Reached target Host and Network Name Lookups.
[[0;32m  OK  [0m] Started Wait for Network to be Configured.
         Starting Initial cloud-init job (metadata service crawler)...
[   14.735653] cloud-init[677]: Cloud-init v. 19.4-33-gbb4131a2-0ubuntu1~18.04.1 running 'init' at Tue, 30 Jun 2020 20:59:50 +0000. Up 14.62 seconds.
[   14.748309] cloud-init[677]: ci-info: ++++++++++++++++++++++++++++++++++++++Net device info++++++++++++++++++++++++++++++++++++++
[   14.749982] cloud-init[677]: ci-info: +--------+-------+---------------------------+---------------+--------+-------------------+
[   14.751525] cloud-init[677]: ci-info: | Device |   Up  |          Address          |      Mask     | Scope  |     Hw-Address    |
[   14.764300] cloud-init[677]: ci-info: +--------+-------+---------------------------+---------------+--------+-------------------+
[   14.766344] cloud-init[677]: ci-info: | enp0s3 |  True |         10.0.2.15         | 255.255.255.0 | global | 02:1f:f5:fa:01:4b |
[   14.767497] cloud-init[677]: ci-info: | enp0s3 |  True | fe80::1f:f5ff:fefa:14b/64 |       .       |  link  | 02:1f:f5:fa:01:4b |
[   14.784229] cloud-init[677]: ci-info: | enp0s8 | False |             .             |       .       |   .    | 08:00:27:1b:76:57 |
[   14.785872] cloud-init[677]: ci-info: |   lo   |  True |         127.0.0.1         |   255.0.0.0   |  host  |         .         |
[   14.787458] cloud-init[677]: ci-info: |   lo   |  True |          ::1/128          |       .       |  host  |         .         |
[   14.789055] cloud-init[677]: ci-info: +--------+-------+---------------------------+---------------+--------+-------------------+
[   14.790460] cloud-init[677]: ci-info: ++++++++++++++++++++++++++++Route IPv4 info+++++++++++++++++++++++++++++
[   14.791720] cloud-init[677]: ci-info: +-------+-------------+----------+-----------------+-----------+-------+
[   14.793032] cloud-init[677]: ci-info: | Route | Destination | Gateway  |     Genmask     | Interface | Flags |
[   14.794354] cloud-init[677]: ci-info: +-------+-------------+----------+-----------------+-----------+-------+
[   14.795634] cloud-init[677]: ci-info: |   0   |   0.0.0.0   | 10.0.2.2 |     0.0.0.0     |   enp0s3  |   UG  |
[   14.796911] cloud-init[677]: ci-info: |   1   |   10.0.2.0  | 0.0.0.0  |  255.255.255.0  |   enp0s3  |   U   |
[   14.808465] cloud-init[677]: ci-info: |   2   |   10.0.2.2  | 0.0.0.0  | 255.255.255.255 |   enp0s3  |   UH  |
[   14.809884] cloud-init[677]: ci-info: +-------+-------------+----------+-----------------+-----------+-------+
[   14.811413] cloud-init[677]: ci-info: +++++++++++++++++++Route IPv6 info+++++++++++++++++++
[   14.812698] cloud-init[677]: ci-info: +-------+-------------+---------+-----------+-------+
[   14.813958] cloud-init[677]: ci-info: | Route | Destination | Gateway | Interface | Flags |
[   14.815181] cloud-init[677]: ci-info: +-------+-------------+---------+-----------+-------+
[   14.816410] cloud-init[677]: ci-info: |   1   |  fe80::/64  |    ::   |   enp0s3  |   U   |
[   14.817543] cloud-init[677]: ci-info: |   3   |    local    |    ::   |   enp0s3  |   U   |
[   14.818677] cloud-init[677]: ci-info: |   4   |   ff00::/8  |    ::   |   enp0s3  |   U   |
[   14.819847] cloud-init[677]: ci-info: +-------+-------------+---------+-----------+-------+
[   16.079127] cloud-init[677]: Generating public/private rsa key pair.
[   16.080071] cloud-init[677]: Your identification has been saved in /etc/ssh/ssh_host_rsa_key.
[   16.092253] cloud-init[677]: Your public key has been saved in /etc/ssh/ssh_host_rsa_key.pub.
[   16.092934] cloud-init[677]: The key fingerprint is:
[   16.093528] cloud-init[677]: SHA256:VFnF2C3J5IzWiksIr/7IiVVuQoQxo6apJUp73HMa68I root@ubuntu-bionic
[   16.094435] cloud-init[677]: The key's randomart image is:
[   16.095045] cloud-init[677]: +---[RSA 2048]----+
[   16.095488] cloud-init[677]: |    +     .o.Boo |
[   16.108277] cloud-init[677]: |   . =   .. .=* .|
[[0;32m  OK  [0m] Started Initial cloud-init job (metadata service crawler).
[[0;32m  OK  [0m] Reached target System Initialization.
[[0;32m  OK  [0m] Listening on Open-iSCSI iscsid Socket.
[   16.120510] cloud-init[677]: |  o . o .   o +. |
[[0;32m  OK  [0m] Started ACPI Events Check.
[   16.137176] cloud-init[677]: | +   . + . o .   |
[   16.137752] cloud-init[677]: |+..   . S o .    |
[   16.139491] cloud-init[677]: |+oo .. + . .     |
         Starting Socket activation for snappy daemon.
[[0;32m  OK  [0m] Listening on D-Bus System Message Bus Socket.
[   16.146715] cloud-init[677]: |o..o ++.o .      |
[[0;32m  OK  [0m[   16.162350] ] cloud-initStarted Daily Cleanup of Temporary Directories.[677]: 
|  .E =*=         |
[   16.172410] cloud-init[677]: |    ++=..        |
[   16.172516] cloud-init[677]: +----[SHA256]-----+
         Starting LXD - unix socket.
[   16.172584] cloud-init[677]: Generating public/private dsa key pair.
[[   16.174369] [0;32m  OK  [0mcloud-init] [677]: Started Message of the Day.Your identification has been saved in /etc/ssh/ssh_host_dsa_key.

[[0;32m  OK  [0m[   16.175658] ] cloud-initListening on ACPID Listen Socket.[677]: 
Your public key has been saved in /etc/ssh/ssh_host_dsa_key.pub.
[[   16.188662] [0;32m  OK  [0mcloud-init] [677]: Started Daily apt download activities.The key fingerprint is:

[[   16.200775] [0;32m  OK  [0mcloud-init] [677]: Started Daily apt upgrade and clean activities.SHA256:nZE66+DJQa9M6MkjtU5LNcgNtAL0FOVT+mODMqe5DSI root@ubuntu-bionic

[[0;32m  OK  [0m[   16.202371] ] cloud-initListening on UUID daemon activation socket.[677]: 
The key's randomart image is:
[[0;32m  OK  [0m[   16.203396] ] cloud-initStarted Discard unused blocks once a week.[677]: 
+---[DSA 1024]----+
[[0;32m  OK  [0m] Reached target Timers.
[   16.204316] cloud-init[677]: |o. o+. .         |
[[   16.205289] cloud-init[677]: | .o...o    .     |
[   16.205352] cloud-init[677]: |  ..o+    o      |
[   16.205905] cloud-init[677]: |   o ++  o o     |
[   16.206400] cloud-init[677]: |   ooo==S o      |
[   16.206934] cloud-init[677]: |    B+.ooo       |
[   16.207462] cloud-init[677]: |E. =+.+ o        |
[   16.207988] cloud-init[677]: |. o=*B *         |
[   16.208521] cloud-init[677]: |   +*o* .        |
[   16.209026] cloud-init[677]: +----[SHA256]-----+
[   16.209599] cloud-init[677]: Generating public/private ecdsa key pair.
[   16.210102] cloud-init[677]: Your identification has been saved in /etc/ssh/ssh_host_ecdsa_key.
[   16.210600] cloud-init[677]: Your public key has been saved in /etc/ssh/ssh_host_ecdsa_key.pub.
[   16.211105] cloud-init[677]: The key fingerprint is:
[   16.211685] cloud-init[677]: SHA256:hycXieADtyKApb7pdVTo2jQpE0ym5zwfLFVpR6WRN54 root@ubuntu-bionic
[   16.212342] cloud-init[677]: The key's randomart image is:
[   16.212821] cloud-init[677]: +---[ECDSA 256]---+
[   16.213314] cloud-init[677]: |o..o. o.ooo.     |
[   16.213804] cloud-init[677]: |.o=  +o= +o+     |
[   16.214249] cloud-init[677]: |...+.o=.o.= o    |
[   16.214757] cloud-init[677]: |. +.=.o. . E     |
[   16.215436] cloud-init[677]: | . B O  S +      |
[   16.215915] cloud-init[677]: |  o @ o  =       |
[0;32m  OK  [0m] Reached target Paths.
[[0;32m  OK  [0m] Reached target Network is Online.
[   16.215982] cloud-init[677]: | o o +           |
[[   16.232468] cloud-init[677]: |. . .            |
[   16.232802] cloud-init[677]: | .               |[0;32m  OK  [0m
] Reached target Remote File Systems (Pre).
[[   16.232953] [0;32m  OK  [0mcloud-init] [677]: Reached target Remote File Systems.+----[SHA256]-----+

[   16.235085] cloud-init[677]: Generating public/private ed25519 key pair.
[   16.244282] cloud-init[677]: Your identification has been saved in /etc/ssh/ssh_host_ed25519_key.
         [   16.244345] Starting Availability of block devices...cloud-init
[677]: Your public key has been saved in /etc/ssh/ssh_host_ed25519_key.pub.
[[   16.257086] cloud-init[677]: The key fingerprint is:
[   16.257300] cloud-init[677]: SHA256:ws+wZBJz2sI6k8hTo2xOc5E3ncrxgIinjoeUC5p2rDU root@ubuntu-bionic
[0;32m  OK  [0m] Reached target Cloud-config availability.
[   16.257524] cloud-init[677]: The key's randomart image is:
[[   16.260743] cloud-init[677]: +--[ED25519 256]--+
[   16.260827] cloud-init[677]: |                 |
[   16.261321] cloud-init[677]: |                 |
[   16.261811] cloud-init[677]: |    o .          |
[   16.262320] cloud-init[677]: |. ..oB. .        |
[   16.262813] cloud-init[677]: |..o*==BoS        |
[   16.263312] cloud-init[677]: |+*oo==**         |
[   16.263809] cloud-init[677]: |*@BE o..o        |
[   16.264670] cloud-init[677]: |Xo*=.            |
[   16.265354] cloud-init[677]: |o=o              |
[   16.265809] cloud-init[677]: +----[SHA256]-----+
[0;32m  OK  [0m] Listening on Socket activation for snappy daemon.
[[0;32m  OK  [0m] Listening on LXD - unix socket.
[[0;32m  OK  [0m] Started Availability of block devices.
[[0;32m  OK  [0m] Reached target Sockets.
[[0;32m  OK  [0m] Reached target Basic System.
         Starting Pollinate to seed the pseudo random number generator...
[[0;32m  OK  [0m] Started Regular background program processing daemon.
         Starting System Logging Service...
         Starting LSB: automatic crash report generation...
         Starting LXD - container startup/shutdown...
         Starting Dispatcher daemon for systemd-networkd...
[[0;32m  OK  [0m] Started irqbalance daemon.
         Starting LSB: Record successful boot for GRUB...
[[0;32m  OK  [0m] Started Deferred execution scheduler.
[[0;32m  OK  [0m] Started FUSE filesystem for LXC.
         Starting Accounts Service...
         Starting Login Service...
         Starting Permit User Sessions...
[[0;32m  OK  [0m] Started D-Bus System Message Bus.
         Starting Virtualbox guest utils...
         Starting Snappy daemon...
[[0;32m  OK  [0m] Started System Logging Service.
[[0;32m  OK  [0m] Started LXD - container startup/shutdown.
[[0;32m  OK  [0m] Started Permit User Sessions.
[[0;32m  OK  [0m] Started Login Service.
[[0;32m  OK  [0m] Started Unattended Upgrades Shutdown.
         Starting Authorization Manager...
         Starting Terminate Plymouth Boot Screen...
         Starting Hold until boot process finishes up...
[[0;32m  OK  [0m] Started Hold until boot process finishes up.
         Starting Set console scheme...
[[0;32m  OK  [0m] Started Serial Getty on ttyS0.
[[0;32m  OK  [0m] Started Terminate Plymouth Boot Screen.
[[0;32m  OK  [0m] Started LSB: automatic crash report generation.
[[0;32m  OK  [0m] Started Set console scheme.
[[0;32m  OK  [0m] Created slice system-getty.slice.
[[0;32m  OK  [0m] Started Getty on tty1.
[[0;32m  OK  [0m] Reached target Login Prompts.
[[0;32m  OK  [0m] Started Dispatcher daemon for systemd-networkd.
[[0;32m  OK  [0m] Started LSB: Record successful boot for GRUB.
[[0;32m  OK  [0m] Started Authorization Manager.
[[0;32m  OK  [0m] Started Accounts Service.
[[0;32m  OK  [0m] Started Virtualbox guest utils.
[[0;32m  OK  [0m] Started Snappy daemon.
         Starting Wait until snapd is fully seeded...
[[0;32m  OK  [0m] Started Wait until snapd is fully seeded.
         Starting Apply the settings specified in cloud-config...
[   18.258440] cloud-init[1237]: Cloud-init v. 19.4-33-gbb4131a2-0ubuntu1~18.04.1 running 'modules:config' at Tue, 30 Jun 2020 20:59:53 +0000. Up 17.95 seconds.
[[0;32m  OK  [0m] Started Apply the settings specified in cloud-config.

Ubuntu 18.04.4 LTS ubuntu-bionic ttyS0

ubuntu-bionic login: ci-info: no authorized SSH keys fingerprints found for user ubuntu.
<14>Jun 30 20:59:59 ec2: 
<14>Jun 30 20:59:59 ec2: #############################################################
<14>Jun 30 20:59:59 ec2: -----BEGIN SSH HOST KEY FINGERPRINTS-----
<14>Jun 30 20:59:59 ec2: 1024 SHA256:nZE66+DJQa9M6MkjtU5LNcgNtAL0FOVT+mODMqe5DSI root@ubuntu-bionic (DSA)
<14>Jun 30 20:59:59 ec2: 256 SHA256:hycXieADtyKApb7pdVTo2jQpE0ym5zwfLFVpR6WRN54 root@ubuntu-bionic (ECDSA)
<14>Jun 30 20:59:59 ec2: 256 SHA256:ws+wZBJz2sI6k8hTo2xOc5E3ncrxgIinjoeUC5p2rDU root@ubuntu-bionic (ED25519)
<14>Jun 30 20:59:59 ec2: 2048 SHA256:VFnF2C3J5IzWiksIr/7IiVVuQoQxo6apJUp73HMa68I root@ubuntu-bionic (RSA)
<14>Jun 30 20:59:59 ec2: -----END SSH HOST KEY FINGERPRINTS-----
<14>Jun 30 20:59:59 ec2: #############################################################
-----BEGIN SSH HOST KEY KEYS-----
ecdsa-sha2-nistp256 AAAAE2VjZHNhLXNoYTItbmlzdHAyNTYAAAAIbmlzdHAyNTYAAABBBDVM+/q53QFP0mKFdtlKGFTsR1NpMKcugX+lEmb1L+htnNdT+GL3/Ofprv3aNsNmm5TpeyjQeZaWVheKzULe6BA= root@ubuntu-bionic
ssh-ed25519 AAAAC3NzaC1lZDI1NTE5AAAAIBqhLThtSMylwNhsE2BeJ/TFAvoUpkoXr88bYFY/ovTM root@ubuntu-bionic
ssh-rsa AAAAB3NzaC1yc2EAAAADAQABAAABAQC4aBUJPPXoqtPc7LvbxB8WLe12uKEPGACZyW7Dfz70wn1vuxrww5McEuzwOOINC+TXnZFj8q2ktmJWULxD2CFmM7fjOGqDudKfFRbQrYWFiXBJyV2tNnrJxdV+LxhpAtXF2vX1m1X2FvbzKMyf6/5TB9ATy7OGYHCoVEsVVbgP+mBMn8uHRwuoCpBUFtvwLVPXYHxWTzQbRLREV40QPNLdzlrMQhFI6MtBf0z4EoX934+CjepmEueBAHl/5Me77FmqrJbdLLEiGz8dGf6SM7lkZsuHJB4EL0oJJML+9uoGst2stqQ6uVFg4UDcQFSMrz+nTPLVkc/9Bbf91nOnGNuZ root@ubuntu-bionic
-----END SSH HOST KEY KEYS-----
[   23.215934] cloud-init[1333]: Cloud-init v. 19.4-33-gbb4131a2-0ubuntu1~18.04.1 running 'modules:final' at Tue, 30 Jun 2020 20:59:58 +0000. Up 23.02 seconds.
[   23.216007] cloud-init[1333]: ci-info: no authorized SSH keys fingerprints found for user ubuntu.
[   23.216197] cloud-init[1333]: Cloud-init v. 19.4-33-gbb4131a2-0ubuntu1~18.04.1 finished at Tue, 30 Jun 2020 20:59:59 +0000. Datasource DataSourceNoCloud [seed=/dev/sdb][dsmode=net].  Up 23.21 seconds
